<?xml version="1.0" encoding="UTF-8"?>
<!-- Generated by org.testng.reporters.JUnitReportReporter -->
<testsuite hostname="Jorges-MacBook-Pro-2.local" failures="0" tests="1" name="Smartwyre.GetSingleUserTest" time="1.482" errors="0" timestamp="2024-09-06T01:26:36 PET" skipped="0">
  <testcase classname="Smartwyre.GetSingleUserTest" name="getSingleUserTest" time="1.482"/>
</testsuite> <!-- Smartwyre.GetSingleUserTest -->
